  Results.cpp
C:\Users\Georg\Documents\AdventOfCode\adventofcode\AdventOfCode\AdventOfCode\DayOne.h(21,20): warning C4018: '<': signed/unsigned mismatch
C:\Users\Georg\Documents\AdventOfCode\adventofcode\AdventOfCode\AdventOfCode\DayOne.h(23,21): warning C4018: '<': signed/unsigned mismatch
C:\Users\Georg\Documents\AdventOfCode\adventofcode\AdventOfCode\AdventOfCode\DayOne.h(48,20): warning C4018: '<': signed/unsigned mismatch
C:\Users\Georg\Documents\AdventOfCode\adventofcode\AdventOfCode\AdventOfCode\DayOne.h(50,21): warning C4018: '<': signed/unsigned mismatch
C:\Users\Georg\Documents\AdventOfCode\adventofcode\AdventOfCode\AdventOfCode\DayOne.h(52,22): warning C4018: '<': signed/unsigned mismatch
C:\Users\Georg\Documents\AdventOfCode\adventofcode\AdventOfCode\AdventOfCode\DayTwo.h(25,21): warning C4018: '<': signed/unsigned mismatch
C:\Users\Georg\Documents\AdventOfCode\adventofcode\AdventOfCode\AdventOfCode\DayTwo.h(61,22): warning C4018: '<': signed/unsigned mismatch
C:\Users\Georg\Documents\AdventOfCode\adventofcode\AdventOfCode\AdventOfCode\DayThree.h(25,14): warning C4018: '<': signed/unsigned mismatch
C:\Users\Georg\Documents\AdventOfCode\adventofcode\AdventOfCode\AdventOfCode\DayFour.h(14,20): warning C4018: '<': signed/unsigned mismatch
C:\Users\Georg\Documents\AdventOfCode\adventofcode\AdventOfCode\AdventOfCode\DayFour.h(154,22): warning C4018: '<': signed/unsigned mismatch
C:\Users\Georg\Documents\AdventOfCode\adventofcode\AdventOfCode\AdventOfCode\DayFive.h(36,21): warning C4018: '<': signed/unsigned mismatch
C:\Users\Georg\Documents\AdventOfCode\adventofcode\AdventOfCode\AdventOfCode\DayFive.h(76,21): warning C4018: '<': signed/unsigned mismatch
C:\Users\Georg\Documents\AdventOfCode\adventofcode\AdventOfCode\AdventOfCode\DayFive.h(91,20): warning C4018: '<': signed/unsigned mismatch
C:\Users\Georg\Documents\AdventOfCode\adventofcode\AdventOfCode\AdventOfCode\DaySix.h(44,22): warning C4018: '<': signed/unsigned mismatch
C:\Users\Georg\Documents\AdventOfCode\adventofcode\AdventOfCode\AdventOfCode\DaySeven.h(28,21): warning C4018: '<': signed/unsigned mismatch
C:\Users\Georg\Documents\AdventOfCode\adventofcode\AdventOfCode\AdventOfCode\DaySeven.h(85,22): warning C4018: '<': signed/unsigned mismatch
C:\Users\Georg\Documents\AdventOfCode\adventofcode\AdventOfCode\AdventOfCode\DaySeven.h(87,23): warning C4018: '<': signed/unsigned mismatch
C:\Users\Georg\Documents\AdventOfCode\adventofcode\AdventOfCode\AdventOfCode\DaySeven.h(118,21): warning C4018: '<': signed/unsigned mismatch
C:\Users\Georg\Documents\AdventOfCode\adventofcode\AdventOfCode\AdventOfCode\DayEight.h(29,20): warning C4018: '<': signed/unsigned mismatch
C:\Users\Georg\Documents\AdventOfCode\adventofcode\AdventOfCode\AdventOfCode\DayEight.h(43,21): warning C4018: '<': signed/unsigned mismatch
C:\Users\Georg\Documents\AdventOfCode\adventofcode\AdventOfCode\AdventOfCode\DayEight.h(70,82): warning C4018: '<': signed/unsigned mismatch
C:\Users\Georg\Documents\AdventOfCode\adventofcode\AdventOfCode\AdventOfCode\DayNine.h(26,21): warning C4018: '<': signed/unsigned mismatch
C:\Users\Georg\Documents\AdventOfCode\adventofcode\AdventOfCode\AdventOfCode\DayNine.h(55,20): warning C4018: '<': signed/unsigned mismatch
C:\Users\Georg\Documents\AdventOfCode\adventofcode\AdventOfCode\AdventOfCode\DayNine.h(60,21): warning C4018: '<': signed/unsigned mismatch
C:\Users\Georg\Documents\AdventOfCode\adventofcode\AdventOfCode\AdventOfCode\DayNine.h(81,20): warning C4018: '<': signed/unsigned mismatch
C:\Users\Georg\Documents\AdventOfCode\adventofcode\AdventOfCode\AdventOfCode\DayNine.h(90,29): warning C4244: '=': conversion from '_Ty' to 'int', possible loss of data
          with
          [
              _Ty=__int64
          ]
C:\Users\Georg\Documents\AdventOfCode\adventofcode\AdventOfCode\AdventOfCode\DayTen.h(32,21): warning C4018: '<': signed/unsigned mismatch
C:\Users\Georg\Documents\AdventOfCode\adventofcode\AdventOfCode\AdventOfCode\DayTen.h(60,20): warning C4018: '<': signed/unsigned mismatch
C:\Users\Georg\Documents\AdventOfCode\adventofcode\AdventOfCode\AdventOfCode\DayTen.h(90,25): warning C4018: '<': signed/unsigned mismatch
C:\Users\Georg\Documents\AdventOfCode\adventofcode\AdventOfCode\AdventOfCode\DayEleven.h(38,21): warning C4018: '<': signed/unsigned mismatch
C:\Users\Georg\Documents\AdventOfCode\adventofcode\AdventOfCode\AdventOfCode\DayEleven.h(40,22): warning C4018: '<': signed/unsigned mismatch
C:\Users\Georg\Documents\AdventOfCode\adventofcode\AdventOfCode\AdventOfCode\DayEleven.h(62,12): warning C4018: '<': signed/unsigned mismatch
C:\Users\Georg\Documents\AdventOfCode\adventofcode\AdventOfCode\AdventOfCode\DayEleven.h(72,11): warning C4018: '<': signed/unsigned mismatch
C:\Users\Georg\Documents\AdventOfCode\adventofcode\AdventOfCode\AdventOfCode\DayEleven.h(89,12): warning C4018: '<': signed/unsigned mismatch
C:\Users\Georg\Documents\AdventOfCode\adventofcode\AdventOfCode\AdventOfCode\DayEleven.h(109,11): warning C4018: '<': signed/unsigned mismatch
C:\Users\Georg\Documents\AdventOfCode\adventofcode\AdventOfCode\AdventOfCode\DayEleven.h(142,20): warning C4018: '<': signed/unsigned mismatch
C:\Users\Georg\Documents\AdventOfCode\adventofcode\AdventOfCode\AdventOfCode\DayEleven.h(144,21): warning C4018: '<': signed/unsigned mismatch
C:\Users\Georg\Documents\AdventOfCode\adventofcode\AdventOfCode\AdventOfCode\DayEleven.h(167,21): warning C4018: '<': signed/unsigned mismatch
C:\Users\Georg\Documents\AdventOfCode\adventofcode\AdventOfCode\AdventOfCode\DayEleven.h(169,22): warning C4018: '<': signed/unsigned mismatch
C:\Users\Georg\Documents\AdventOfCode\adventofcode\AdventOfCode\AdventOfCode\DayEleven.h(191,27): warning C4018: '<': signed/unsigned mismatch
C:\Users\Georg\Documents\AdventOfCode\adventofcode\AdventOfCode\AdventOfCode\DayEleven.h(206,27): warning C4018: '<': signed/unsigned mismatch
C:\Users\Georg\Documents\AdventOfCode\adventofcode\AdventOfCode\AdventOfCode\DayEleven.h(267,17): warning C4018: '<': signed/unsigned mismatch
C:\Users\Georg\Documents\AdventOfCode\adventofcode\AdventOfCode\AdventOfCode\DayEleven.h(292,27): warning C4018: '<': signed/unsigned mismatch
C:\Users\Georg\Documents\AdventOfCode\adventofcode\AdventOfCode\AdventOfCode\DayEleven.h(319,27): warning C4018: '<': signed/unsigned mismatch
C:\Users\Georg\Documents\AdventOfCode\adventofcode\AdventOfCode\AdventOfCode\DayEleven.h(321,17): warning C4018: '<': signed/unsigned mismatch
C:\Users\Georg\Documents\AdventOfCode\adventofcode\AdventOfCode\AdventOfCode\DayEleven.h(368,20): warning C4018: '<': signed/unsigned mismatch
C:\Users\Georg\Documents\AdventOfCode\adventofcode\AdventOfCode\AdventOfCode\DayEleven.h(370,21): warning C4018: '<': signed/unsigned mismatch
C:\Users\Georg\Documents\AdventOfCode\adventofcode\AdventOfCode\AdventOfCode\DayTwelve.h(41,20): warning C4018: '<': signed/unsigned mismatch
C:\Users\Georg\Documents\AdventOfCode\adventofcode\AdventOfCode\AdventOfCode\DayTwelve.h(122,20): warning C4018: '<': signed/unsigned mismatch
C:\Users\Georg\Documents\AdventOfCode\adventofcode\AdventOfCode\AdventOfCode\DayThirteen.h(40,23): warning C4018: '<': signed/unsigned mismatch
C:\Users\Georg\Documents\AdventOfCode\adventofcode\AdventOfCode\AdventOfCode\DayThirteen.h(83,22): warning C4018: '<': signed/unsigned mismatch
C:\Users\Georg\Documents\AdventOfCode\adventofcode\AdventOfCode\AdventOfCode\DayThirteen.h(124,20): warning C4018: '<': signed/unsigned mismatch
C:\Users\Georg\Documents\AdventOfCode\adventofcode\AdventOfCode\AdventOfCode\DayThirteen.h(165,20): warning C4018: '<': signed/unsigned mismatch
C:\Users\Georg\Documents\AdventOfCode\adventofcode\AdventOfCode\AdventOfCode\DayFourteen.h(69,22): warning C4018: '<': signed/unsigned mismatch
C:\Users\Georg\Documents\AdventOfCode\adventofcode\AdventOfCode\AdventOfCode\DayFourteen.h(107,20): warning C4018: '<': signed/unsigned mismatch
C:\Users\Georg\Documents\AdventOfCode\adventofcode\AdventOfCode\AdventOfCode\DayFourteen.h(109,21): warning C4018: '<': signed/unsigned mismatch
C:\Users\Georg\Documents\AdventOfCode\adventofcode\AdventOfCode\AdventOfCode\DayFourteen.h(115,22): warning C4018: '<': signed/unsigned mismatch
C:\Users\Georg\Documents\AdventOfCode\adventofcode\AdventOfCode\AdventOfCode\DayFourteen.h(132,22): warning C4018: '<': signed/unsigned mismatch
C:\Users\Georg\Documents\AdventOfCode\adventofcode\AdventOfCode\AdventOfCode\DayFourteen.h(155,22): warning C4018: '<': signed/unsigned mismatch
C:\Users\Georg\Documents\AdventOfCode\adventofcode\AdventOfCode\AdventOfCode\DayFourteen.h(171,22): warning C4018: '<': signed/unsigned mismatch
C:\Users\Georg\Documents\AdventOfCode\adventofcode\AdventOfCode\AdventOfCode\DaySixteen.h(44,22): warning C4018: '<': signed/unsigned mismatch
C:\Users\Georg\Documents\AdventOfCode\adventofcode\AdventOfCode\AdventOfCode\DaySixteen.h(100,20): warning C4018: '<': signed/unsigned mismatch
C:\Users\Georg\Documents\AdventOfCode\adventofcode\AdventOfCode\AdventOfCode\DaySixteen.h(102,21): warning C4018: '<': signed/unsigned mismatch
C:\Users\Georg\Documents\AdventOfCode\adventofcode\AdventOfCode\AdventOfCode\DaySixteen.h(127,20): warning C4018: '<': signed/unsigned mismatch
C:\Users\Georg\Documents\AdventOfCode\adventofcode\AdventOfCode\AdventOfCode\DaySixteen.h(129,21): warning C4018: '<': signed/unsigned mismatch
C:\Users\Georg\Documents\AdventOfCode\adventofcode\AdventOfCode\AdventOfCode\DaySixteen.h(131,22): warning C4018: '<': signed/unsigned mismatch
C:\Users\Georg\Documents\AdventOfCode\adventofcode\AdventOfCode\AdventOfCode\DaySeventeen.h(24,21): warning C4018: '<': signed/unsigned mismatch
C:\Users\Georg\Documents\AdventOfCode\adventofcode\AdventOfCode\AdventOfCode\DayEighteen.h(31,21): warning C4018: '<': signed/unsigned mismatch
C:\Users\Georg\Documents\AdventOfCode\adventofcode\AdventOfCode\AdventOfCode\DayEighteen.h(33,32): warning C4018: '>': signed/unsigned mismatch
C:\Users\Georg\Documents\AdventOfCode\adventofcode\AdventOfCode\AdventOfCode\DayEighteen.h(33,70): warning C4018: '>': signed/unsigned mismatch
C:\Users\Georg\Documents\AdventOfCode\adventofcode\AdventOfCode\AdventOfCode\DayEighteen.h(71,10): warning C4018: '<': signed/unsigned mismatch
C:\Users\Georg\Documents\AdventOfCode\adventofcode\AdventOfCode\AdventOfCode\DayEighteen.h(97,12): warning C4018: '<': signed/unsigned mismatch
C:\Users\Georg\Documents\AdventOfCode\adventofcode\AdventOfCode\AdventOfCode\DayNineteen.h(26,21): warning C4018: '<': signed/unsigned mismatch
C:\Users\Georg\Documents\AdventOfCode\adventofcode\AdventOfCode\AdventOfCode\DayNineteen.h(79,21): warning C4018: '<': signed/unsigned mismatch
C:\Users\Georg\Documents\AdventOfCode\adventofcode\AdventOfCode\AdventOfCode\DayNineteen.h(81,22): warning C4018: '<': signed/unsigned mismatch
C:\Users\Georg\Documents\AdventOfCode\adventofcode\AdventOfCode\AdventOfCode\DayNineteen.h(99,21): warning C4018: '<': signed/unsigned mismatch
C:\Users\Georg\Documents\AdventOfCode\adventofcode\AdventOfCode\AdventOfCode\DayTwentyTwo.h(42,20): warning C4018: '<': signed/unsigned mismatch
C:\Users\Georg\Documents\AdventOfCode\adventofcode\AdventOfCode\AdventOfCode\DayTwentyTwo.h(49,20): warning C4018: '<': signed/unsigned mismatch
C:\Users\Georg\Documents\AdventOfCode\adventofcode\AdventOfCode\AdventOfCode\DayTwentyTwo.h(64,21): warning C4018: '<': signed/unsigned mismatch
C:\Users\Georg\Documents\AdventOfCode\adventofcode\AdventOfCode\AdventOfCode\DayTwentyTwo.h(75,21): warning C4018: '<': signed/unsigned mismatch
  AdventOfCode.vcxproj -> C:\Users\Georg\Documents\AdventOfCode\adventofcode\AdventOfCode\Debug\AdventOfCode.exe
